TN:
SF:E:\Navneet\BP\bp-maze-test\src\polyfills.ts
FNF:0
FNH:0
LF:0
LH:0
BRF:0
BRH:0
end_of_record
TN:
SF:E:\Navneet\BP\bp-maze-test\src\test.ts
FNF:0
FNH:0
DA:6,1
DA:8,1
DA:10,1
LF:3
LH:3
BRF:0
BRH:0
end_of_record
TN:
SF:E:\Navneet\BP\bp-maze-test\src\app\maze-explorer\maze-explorer.component.ts
FN:1,(anonymous_0)
FN:7,(anonymous_1)
FN:13,(anonymous_2)
FN:14,MazeExplorerComponent
FN:17,(anonymous_4)
FN:19,(anonymous_5)
FN:26,(anonymous_6)
FN:32,(anonymous_7)
FN:35,(anonymous_8)
FN:38,(anonymous_9)
FN:41,(anonymous_10)
FN:44,(anonymous_11)
FNF:12
FNH:3
FNDA:1,(anonymous_0)
FNDA:1,(anonymous_1)
FNDA:1,(anonymous_2)
FNDA:0,MazeExplorerComponent
FNDA:0,(anonymous_4)
FNDA:0,(anonymous_5)
FNDA:0,(anonymous_6)
FNDA:0,(anonymous_7)
FNDA:0,(anonymous_8)
FNDA:0,(anonymous_9)
FNDA:0,(anonymous_10)
FNDA:0,(anonymous_11)
DA:1,1
DA:2,1
DA:3,1
DA:4,2
DA:5,1
DA:7,1
DA:8,1
DA:13,1
DA:15,0
DA:17,1
DA:19,1
DA:20,0
DA:21,0
DA:22,0
DA:23,0
DA:26,1
DA:27,0
DA:28,0
DA:29,0
DA:30,0
DA:32,1
DA:33,0
DA:35,1
DA:36,0
DA:38,1
DA:39,0
DA:41,1
DA:42,0
DA:44,1
DA:45,0
DA:46,0
DA:48,1
DA:56,1
LF:33
LH:18
BRDA:1,0,0,1
BRDA:1,0,1,0
BRDA:1,0,2,1
BRDA:2,1,0,1
BRDA:2,1,1,0
BRDA:2,2,0,0
BRDA:2,2,1,0
BRDA:3,3,0,0
BRDA:3,3,1,1
BRDA:3,4,0,1
BRDA:3,4,1,1
BRDA:4,5,0,2
BRDA:4,5,1,0
BRDA:4,6,0,2
BRDA:4,6,1,1
BRDA:4,7,0,2
BRDA:4,7,1,0
BRDA:4,8,0,0
BRDA:4,8,1,0
BRDA:5,9,0,1
BRDA:5,9,1,0
BRDA:5,9,2,0
BRDA:7,10,0,1
BRDA:7,10,1,0
BRDA:7,10,2,1
BRDA:8,11,0,1
BRDA:8,11,1,0
BRDA:8,12,0,1
BRDA:8,12,1,1
BRDA:21,13,0,0
BRDA:21,13,1,0
BRF:31
BRH:16
end_of_record
TN:
SF:E:\Navneet\BP\bp-maze-test\src\app\maze-explorer\maze-explorer.module.ts
FN:1,(anonymous_0)
FN:11,(anonymous_1)
FN:12,MazeExplorerModule
FNF:3
FNH:3
FNDA:1,(anonymous_0)
FNDA:1,(anonymous_1)
FNDA:1,MazeExplorerModule
DA:1,1
DA:2,1
DA:3,1
DA:4,1
DA:5,1
DA:11,1
DA:14,1
DA:24,1
LF:8
LH:8
BRDA:1,0,0,1
BRDA:1,0,1,0
BRDA:1,0,2,1
BRDA:2,1,0,1
BRDA:2,1,1,0
BRDA:2,2,0,0
BRDA:2,2,1,0
BRDA:3,3,0,0
BRDA:3,3,1,1
BRDA:3,4,0,1
BRDA:3,4,1,1
BRDA:4,5,0,1
BRDA:4,5,1,0
BRDA:4,6,0,1
BRDA:4,6,1,0
BRDA:4,7,0,1
BRDA:4,7,1,0
BRDA:4,8,0,0
BRDA:4,8,1,0
BRDA:5,9,0,1
BRDA:5,9,1,0
BRDA:5,9,2,0
BRF:22
BRH:10
end_of_record
TN:
SF:E:\Navneet\BP\bp-maze-test\src\app\maze-explorer\explorer\famous-maze-explorer.ts
FN:6,(anonymous_0)
FN:10,MazeExplorer
FN:17,(anonymous_2)
FN:23,(anonymous_3)
FN:31,(anonymous_4)
FN:41,(anonymous_5)
FN:54,(anonymous_6)
FN:61,(anonymous_7)
FN:69,(anonymous_8)
FN:90,(anonymous_9)
FN:110,(anonymous_10)
FN:112,(anonymous_11)
FN:117,(anonymous_12)
FN:147,(anonymous_13)
FN:153,(anonymous_14)
FN:156,(anonymous_15)
FNF:16
FNH:4
FNDA:1,(anonymous_0)
FNDA:2,MazeExplorer
FNDA:0,(anonymous_2)
FNDA:0,(anonymous_3)
FNDA:1,(anonymous_4)
FNDA:0,(anonymous_5)
FNDA:0,(anonymous_6)
FNDA:0,(anonymous_7)
FNDA:0,(anonymous_8)
FNDA:0,(anonymous_9)
FNDA:0,(anonymous_10)
FNDA:0,(anonymous_11)
FNDA:0,(anonymous_12)
FNDA:1,(anonymous_13)
FNDA:0,(anonymous_14)
FNDA:0,(anonymous_15)
DA:6,1
DA:11,2
DA:12,2
DA:17,1
DA:18,0
DA:23,1
DA:24,0
DA:25,0
DA:31,1
DA:32,1
DA:33,1
DA:34,1
DA:35,1
DA:36,1
DA:41,1
DA:43,0
DA:44,0
DA:45,0
DA:47,0
DA:48,0
DA:54,1
DA:56,0
DA:61,1
DA:63,0
DA:69,1
DA:70,0
DA:72,0
DA:73,0
DA:75,0
DA:76,0
DA:78,0
DA:79,0
DA:81,0
DA:82,0
DA:84,0
DA:90,1
DA:91,0
DA:93,0
DA:94,0
DA:96,0
DA:97,0
DA:99,0
DA:100,0
DA:102,0
DA:103,0
DA:105,0
DA:110,1
DA:111,0
DA:112,0
DA:117,1
DA:120,0
DA:121,0
DA:123,0
DA:124,0
DA:125,0
DA:127,0
DA:128,0
DA:129,0
DA:131,0
DA:132,0
DA:133,0
DA:135,0
DA:136,0
DA:137,0
DA:139,0
DA:147,1
DA:148,1
DA:153,1
DA:154,0
DA:155,0
DA:156,0
DA:157,0
DA:158,0
DA:159,0
DA:162,0
DA:164,1
LF:76
LH:22
BRDA:44,0,0,0
BRDA:44,0,1,0
BRDA:44,1,0,0
BRDA:44,1,1,0
BRDA:70,2,0,0
BRDA:70,2,1,0
BRDA:70,2,2,0
BRDA:70,2,3,0
BRDA:91,3,0,0
BRDA:91,3,1,0
BRDA:91,3,2,0
BRDA:91,3,3,0
BRDA:121,4,0,0
BRDA:121,4,1,0
BRDA:121,4,2,0
BRDA:121,4,3,0
BRDA:158,5,0,0
BRDA:158,5,1,0
BRDA:158,6,0,0
BRDA:158,6,1,0
BRF:20
BRH:0
end_of_record
TN:
SF:E:\Navneet\BP\bp-maze-test\src\app\maze-explorer\maze\coordinate.ts
FN:5,(anonymous_0)
FN:6,Coordinate
FN:10,(anonymous_2)
FN:13,(anonymous_3)
FN:16,(anonymous_4)
FN:19,(anonymous_5)
FNF:6
FNH:4
FNDA:1,(anonymous_0)
FNDA:7,Coordinate
FNDA:2,(anonymous_2)
FNDA:2,(anonymous_3)
FNDA:0,(anonymous_4)
FNDA:0,(anonymous_5)
DA:5,1
DA:7,7
DA:8,7
DA:10,1
DA:11,2
DA:13,1
DA:14,2
DA:16,1
DA:17,0
DA:19,1
DA:20,0
DA:22,1
LF:12
LH:10
BRF:0
BRH:0
end_of_record
TN:
SF:E:\Navneet\BP\bp-maze-test\src\app\maze-explorer\maze\maze-rules.ts
FN:1,(anonymous_0)
FN:3,(anonymous_1)
FN:4,(anonymous_2)
FN:5,(anonymous_3)
FN:7,__
FN:17,(anonymous_5)
FN:23,StartMustExistRule
FN:29,(anonymous_7)
FN:35,(anonymous_8)
FN:41,FinishMustExistRule
FN:47,(anonymous_10)
FN:53,(anonymous_11)
FN:59,AllowedCharacterRule
FN:68,(anonymous_13)
FNF:14
FNH:12
FNDA:1,(anonymous_0)
FNDA:0,(anonymous_1)
FNDA:0,(anonymous_2)
FNDA:3,(anonymous_3)
FNDA:3,__
FNDA:1,(anonymous_5)
FNDA:4,StartMustExistRule
FNDA:2,(anonymous_7)
FNDA:1,(anonymous_8)
FNDA:4,FinishMustExistRule
FNDA:1,(anonymous_10)
FNDA:1,(anonymous_11)
FNDA:4,AllowedCharacterRule
FNDA:1,(anonymous_13)
DA:1,1
DA:2,1
DA:3,0
DA:4,0
DA:5,1
DA:6,3
DA:7,3
DA:8,3
DA:17,1
DA:18,1
DA:24,4
DA:29,1
DA:30,2
DA:32,1
DA:35,1
DA:36,1
DA:42,4
DA:47,1
DA:48,1
DA:50,1
DA:53,1
DA:54,1
DA:60,4
DA:61,4
DA:62,4
DA:63,4
DA:68,1
DA:69,1
DA:71,1
LF:29
LH:27
BRDA:1,0,0,1
BRDA:1,0,1,0
BRDA:1,0,2,1
BRDA:2,1,0,1
BRDA:2,1,1,0
BRDA:2,1,2,0
BRDA:2,1,3,0
BRDA:4,2,0,0
BRDA:4,2,1,0
BRDA:8,3,0,0
BRDA:8,3,1,3
BRDA:24,4,0,4
BRDA:24,4,1,4
BRDA:42,5,0,4
BRDA:42,5,1,4
BRDA:60,6,0,4
BRDA:60,6,1,4
BRF:17
BRH:10
end_of_record
TN:
SF:E:\Navneet\BP\bp-maze-test\src\app\maze-explorer\maze\maze.ts
FN:8,(anonymous_0)
FN:13,Maze
FN:24,(anonymous_2)
FN:31,(anonymous_3)
FN:42,(anonymous_4)
FN:46,(anonymous_5)
FN:62,(anonymous_6)
FN:69,(anonymous_7)
FN:76,(anonymous_8)
FN:87,(anonymous_9)
FN:93,(anonymous_10)
FN:95,(anonymous_11)
FNF:12
FNH:7
FNDA:1,(anonymous_0)
FNDA:4,Maze
FNDA:0,(anonymous_2)
FNDA:4,(anonymous_3)
FNDA:4,(anonymous_4)
FNDA:60,(anonymous_5)
FNDA:0,(anonymous_6)
FNDA:0,(anonymous_7)
FNDA:0,(anonymous_8)
FNDA:0,(anonymous_9)
FNDA:2,(anonymous_10)
FNDA:4,(anonymous_11)
DA:8,1
DA:14,4
DA:15,4
DA:16,4
DA:17,4
DA:18,4
DA:19,4
DA:24,1
DA:25,0
DA:26,0
DA:31,1
DA:32,4
DA:33,4
DA:34,4
DA:35,4
DA:36,4
DA:37,4
DA:42,1
DA:43,4
DA:44,4
DA:45,4
DA:46,4
DA:47,60
DA:48,60
DA:49,3
DA:51,60
DA:52,4
DA:54,60
DA:55,60
DA:62,1
DA:64,0
DA:69,1
DA:70,0
DA:76,1
DA:77,0
DA:78,0
DA:81,0
DA:87,1
DA:88,0
DA:93,1
DA:94,2
DA:95,2
DA:96,4
DA:97,4
DA:99,2
DA:101,1
LF:46
LH:38
BRDA:48,0,0,3
BRDA:48,0,1,57
BRDA:51,1,0,4
BRDA:51,1,1,56
BRF:4
BRH:4
end_of_record
TN:
SF:E:\Navneet\BP\bp-maze-test\src\app\maze-explorer\maze\rule-base.ts
FN:4,(anonymous_0)
FN:9,MazeBaseRules
FN:15,(anonymous_2)
FNF:3
FNH:2
FNDA:1,(anonymous_0)
FNDA:12,MazeBaseRules
FNDA:0,(anonymous_2)
DA:4,1
DA:10,12
DA:15,1
DA:16,0
DA:18,1
LF:5
LH:4
BRF:0
BRH:0
end_of_record
TN:
SF:E:\Navneet\BP\bp-maze-test\src\app\maze-explorer\shared\utils.ts
FN:2,(anonymous_0)
FN:4,(anonymous_1)
FN:10,(anonymous_2)
FN:17,(anonymous_3)
FNF:4
FNH:4
FNDA:1,(anonymous_0)
FNDA:1,(anonymous_1)
FNDA:1,(anonymous_2)
FNDA:1,(anonymous_3)
DA:2,1
DA:4,1
DA:5,1
DA:6,1
DA:7,1
DA:10,1
DA:11,1
DA:12,1
DA:13,1
DA:14,1
DA:17,1
DA:18,1
DA:19,1
DA:20,1
DA:21,1
LF:15
LH:15
BRDA:8,0,0,1
BRDA:8,0,1,1
BRDA:15,1,0,1
BRDA:15,1,1,1
BRDA:22,2,0,1
BRDA:22,2,1,1
BRDA:23,3,0,1
BRDA:23,3,1,1
BRF:8
BRH:8
end_of_record
TN:
SF:E:\Navneet\BP\bp-maze-test\src\app\shared\shared.module.ts
FN:1,(anonymous_0)
FN:11,(anonymous_1)
FN:12,SharedModule
FNF:3
FNH:2
FNDA:1,(anonymous_0)
FNDA:1,(anonymous_1)
FNDA:0,SharedModule
DA:1,1
DA:2,1
DA:3,1
DA:4,1
DA:5,1
DA:11,1
DA:14,1
DA:40,1
LF:8
LH:8
BRDA:1,0,0,1
BRDA:1,0,1,0
BRDA:1,0,2,1
BRDA:2,1,0,1
BRDA:2,1,1,0
BRDA:2,2,0,0
BRDA:2,2,1,0
BRDA:3,3,0,0
BRDA:3,3,1,1
BRDA:3,4,0,1
BRDA:3,4,1,1
BRDA:4,5,0,1
BRDA:4,5,1,0
BRDA:4,6,0,1
BRDA:4,6,1,0
BRDA:4,7,0,1
BRDA:4,7,1,0
BRDA:4,8,0,0
BRDA:4,8,1,0
BRDA:5,9,0,1
BRDA:5,9,1,0
BRDA:5,9,2,0
BRF:22
BRH:10
end_of_record
